<?xml version="1.0" encoding="UTF-8"?>
<testsuite xmlns:xsi="http://www.w3.org/2001/XMLSchema-instance" xsi:noNamespaceSchemaLocation="https://maven.apache.org/surefire/maven-surefire-plugin/xsd/surefire-test-report-3.0.xsd" version="3.0" name="at.jku.swtesting.RingBufferSimpleModelTest" time="0.063" tests="1" errors="0" skipped="0" failures="0">
  <properties>
    <property name="java.specification.version" value="19"/>
    <property name="sun.jnu.encoding" value="UTF-8"/>
    <property name="java.class.path" value="/Users/borosabel/Documents/Uni/Software Testing/JKU_SoftTesting_Labs/Assignment_5/RingBufferExample05/target/test-classes:/Users/borosabel/Documents/Uni/Software Testing/JKU_SoftTesting_Labs/Assignment_5/RingBufferExample05/target/classes:/Users/borosabel/.m2/repository/org/junit/jupiter/junit-jupiter-engine/5.9.3/junit-jupiter-engine-5.9.3.jar:/Users/borosabel/.m2/repository/org/junit/platform/junit-platform-engine/1.9.3/junit-platform-engine-1.9.3.jar:/Users/borosabel/.m2/repository/org/apiguardian/apiguardian-api/1.1.2/apiguardian-api-1.1.2.jar:/Users/borosabel/.m2/repository/org/junit/jupiter/junit-jupiter-api/5.9.3/junit-jupiter-api-5.9.3.jar:/Users/borosabel/.m2/repository/org/opentest4j/opentest4j/1.2.0/opentest4j-1.2.0.jar:/Users/borosabel/.m2/repository/org/junit/platform/junit-platform-commons/1.9.3/junit-platform-commons-1.9.3.jar:/Users/borosabel/.m2/repository/org/junit/jupiter/junit-jupiter-params/5.9.3/junit-jupiter-params-5.9.3.jar:/Users/borosabel/.m2/repository/nz/ac/waikato/modeljunit/modeljunit/2.5/modeljunit-2.5.jar:/Users/borosabel/.m2/repository/asm/asm/3.1/asm-3.1.jar:/Users/borosabel/.m2/repository/net/sf/jung/jung-algorithms/2.0.1/jung-algorithms-2.0.1.jar:/Users/borosabel/.m2/repository/net/sourceforge/collections/collections-generic/4.01/collections-generic-4.01.jar:/Users/borosabel/.m2/repository/colt/colt/1.2.0/colt-1.2.0.jar:/Users/borosabel/.m2/repository/concurrent/concurrent/1.3.4/concurrent-1.3.4.jar:/Users/borosabel/.m2/repository/net/sf/jung/jung-api/2.0.1/jung-api-2.0.1.jar:/Users/borosabel/.m2/repository/net/sf/jung/jung-graph-impl/2.0.1/jung-graph-impl-2.0.1.jar:/Users/borosabel/.m2/repository/net/sf/jung/jung-io/2.0.1/jung-io-2.0.1.jar:/Users/borosabel/.m2/repository/org/codehaus/woodstox/wstx-asl/3.2.6/wstx-asl-3.2.6.jar:/Users/borosabel/.m2/repository/stax/stax-api/1.0.1/stax-api-1.0.1.jar:/Users/borosabel/.m2/repository/net/sf/jung/jung-jai/2.0.1/jung-jai-2.0.1.jar:/Users/borosabel/.m2/repository/net/sf/jung/jung-visualization/2.0.1/jung-visualization-2.0.1.jar:/Users/borosabel/.m2/repository/junit/junit/4.4/junit-4.4.jar:/Users/borosabel/.m2/repository/org/uispec4j/uispec4j/2.4/uispec4j-2.4-jdk16.jar:"/>
    <property name="java.vm.vendor" value="Homebrew"/>
    <property name="sun.arch.data.model" value="64"/>
    <property name="java.vendor.url" value="https://github.com/Homebrew/homebrew-core/issues"/>
    <property name="os.name" value="Mac OS X"/>
    <property name="java.vm.specification.version" value="19"/>
    <property name="sun.java.launcher" value="SUN_STANDARD"/>
    <property name="user.country" value="US"/>
    <property name="sun.boot.library.path" value="/opt/homebrew/Cellar/openjdk/19.0.2/libexec/openjdk.jdk/Contents/Home/lib"/>
    <property name="sun.java.command" value="/Users/borosabel/Documents/Uni/Software Testing/JKU_SoftTesting_Labs/Assignment_5/RingBufferExample05/target/surefire/surefirebooter-20230508133410299_3.jar /Users/borosabel/Documents/Uni/Software Testing/JKU_SoftTesting_Labs/Assignment_5/RingBufferExample05/target/surefire 2023-05-08T13-34-10_251-jvmRun1 surefire-20230508133410299_1tmp surefire_0-20230508133410299_2tmp"/>
    <property name="http.nonProxyHosts" value="local|*.local|169.254/16|*.169.254/16"/>
    <property name="jdk.debug" value="release"/>
    <property name="surefire.test.class.path" value="/Users/borosabel/Documents/Uni/Software Testing/JKU_SoftTesting_Labs/Assignment_5/RingBufferExample05/target/test-classes:/Users/borosabel/Documents/Uni/Software Testing/JKU_SoftTesting_Labs/Assignment_5/RingBufferExample05/target/classes:/Users/borosabel/.m2/repository/org/junit/jupiter/junit-jupiter-engine/5.9.3/junit-jupiter-engine-5.9.3.jar:/Users/borosabel/.m2/repository/org/junit/platform/junit-platform-engine/1.9.3/junit-platform-engine-1.9.3.jar:/Users/borosabel/.m2/repository/org/apiguardian/apiguardian-api/1.1.2/apiguardian-api-1.1.2.jar:/Users/borosabel/.m2/repository/org/junit/jupiter/junit-jupiter-api/5.9.3/junit-jupiter-api-5.9.3.jar:/Users/borosabel/.m2/repository/org/opentest4j/opentest4j/1.2.0/opentest4j-1.2.0.jar:/Users/borosabel/.m2/repository/org/junit/platform/junit-platform-commons/1.9.3/junit-platform-commons-1.9.3.jar:/Users/borosabel/.m2/repository/org/junit/jupiter/junit-jupiter-params/5.9.3/junit-jupiter-params-5.9.3.jar:/Users/borosabel/.m2/repository/nz/ac/waikato/modeljunit/modeljunit/2.5/modeljunit-2.5.jar:/Users/borosabel/.m2/repository/asm/asm/3.1/asm-3.1.jar:/Users/borosabel/.m2/repository/net/sf/jung/jung-algorithms/2.0.1/jung-algorithms-2.0.1.jar:/Users/borosabel/.m2/repository/net/sourceforge/collections/collections-generic/4.01/collections-generic-4.01.jar:/Users/borosabel/.m2/repository/colt/colt/1.2.0/colt-1.2.0.jar:/Users/borosabel/.m2/repository/concurrent/concurrent/1.3.4/concurrent-1.3.4.jar:/Users/borosabel/.m2/repository/net/sf/jung/jung-api/2.0.1/jung-api-2.0.1.jar:/Users/borosabel/.m2/repository/net/sf/jung/jung-graph-impl/2.0.1/jung-graph-impl-2.0.1.jar:/Users/borosabel/.m2/repository/net/sf/jung/jung-io/2.0.1/jung-io-2.0.1.jar:/Users/borosabel/.m2/repository/org/codehaus/woodstox/wstx-asl/3.2.6/wstx-asl-3.2.6.jar:/Users/borosabel/.m2/repository/stax/stax-api/1.0.1/stax-api-1.0.1.jar:/Users/borosabel/.m2/repository/net/sf/jung/jung-jai/2.0.1/jung-jai-2.0.1.jar:/Users/borosabel/.m2/repository/net/sf/jung/jung-visualization/2.0.1/jung-visualization-2.0.1.jar:/Users/borosabel/.m2/repository/junit/junit/4.4/junit-4.4.jar:/Users/borosabel/.m2/repository/org/uispec4j/uispec4j/2.4/uispec4j-2.4-jdk16.jar:"/>
    <property name="sun.cpu.endian" value="little"/>
    <property name="user.home" value="/Users/borosabel"/>
    <property name="user.language" value="en"/>
    <property name="java.specification.vendor" value="Oracle Corporation"/>
    <property name="java.version.date" value="2023-01-17"/>
    <property name="java.home" value="/opt/homebrew/Cellar/openjdk/19.0.2/libexec/openjdk.jdk/Contents/Home"/>
    <property name="file.separator" value="/"/>
    <property name="basedir" value="/Users/borosabel/Documents/Uni/Software Testing/JKU_SoftTesting_Labs/Assignment_5/RingBufferExample05"/>
    <property name="java.vm.compressedOopsMode" value="Zero based"/>
    <property name="line.separator" value="&#10;"/>
    <property name="java.vm.specification.vendor" value="Oracle Corporation"/>
    <property name="java.specification.name" value="Java Platform API Specification"/>
    <property name="apple.awt.application.name" value="ForkedBooter"/>
    <property name="surefire.real.class.path" value="/Users/borosabel/Documents/Uni/Software Testing/JKU_SoftTesting_Labs/Assignment_5/RingBufferExample05/target/surefire/surefirebooter-20230508133410299_3.jar"/>
    <property name="sun.management.compiler" value="HotSpot 64-Bit Tiered Compilers"/>
    <property name="ftp.nonProxyHosts" value="local|*.local|169.254/16|*.169.254/16"/>
    <property name="java.runtime.version" value="19.0.2"/>
    <property name="user.name" value="borosabel"/>
    <property name="stdout.encoding" value="UTF-8"/>
    <property name="path.separator" value=":"/>
    <property name="os.version" value="13.2.1"/>
    <property name="java.runtime.name" value="OpenJDK Runtime Environment"/>
    <property name="file.encoding" value="UTF-8"/>
    <property name="java.vm.name" value="OpenJDK 64-Bit Server VM"/>
    <property name="java.vendor.version" value="Homebrew"/>
    <property name="localRepository" value="/Users/borosabel/.m2/repository"/>
    <property name="java.vendor.url.bug" value="https://github.com/Homebrew/homebrew-core/issues"/>
    <property name="java.io.tmpdir" value="/var/folders/99/617f3z715_g8nc26tll89ddc0000gn/T/"/>
    <property name="java.version" value="19.0.2"/>
    <property name="user.dir" value="/Users/borosabel/Documents/Uni/Software Testing/JKU_SoftTesting_Labs/Assignment_5/RingBufferExample05"/>
    <property name="os.arch" value="aarch64"/>
    <property name="java.vm.specification.name" value="Java Virtual Machine Specification"/>
    <property name="native.encoding" value="UTF-8"/>
    <property name="java.library.path" value="/Users/borosabel/Library/Java/Extensions:/Library/Java/Extensions:/Network/Library/Java/Extensions:/System/Library/Java/Extensions:/usr/lib/java:."/>
    <property name="java.vm.info" value="mixed mode, sharing"/>
    <property name="stderr.encoding" value="UTF-8"/>
    <property name="java.vendor" value="Homebrew"/>
    <property name="java.vm.version" value="19.0.2"/>
    <property name="sun.io.unicode.encoding" value="UnicodeBig"/>
    <property name="socksNonProxyHosts" value="local|*.local|169.254/16|*.169.254/16"/>
    <property name="java.class.version" value="63.0"/>
  </properties>
  <testcase name="randomTestWithSimpleModel" classname="at.jku.swtesting.RingBufferSimpleModelTest" time="0.049">
    <system-out><![CDATA[done (EMPTY, enqueue, FILLED)
done (FILLED, dequeue, EMPTY)
done (EMPTY, enqueue, FILLED)
done (FILLED, enqueue, FILLED)
done (FILLED, enqueue, FULL)
done (FULL, dequeue, FILLED)
done (FILLED, enqueue, FULL)
done (FULL, dequeue, FILLED)
done (FILLED, enqueue, FULL)
done (FULL, dequeue, FILLED)
action coverage: 2/2
state coverage: 3/3
transition coverage: 5/5
]]></system-out>
  </testcase>
</testsuite>